<?xml version="1.0" encoding="UTF-8"?><testsuite failures="0" name="cucumber.runtime.formatter.JUnitFormatter" skipped="0" tests="1" time="34.65092">
<testcase classname="Login Action" name="Free CRM Login Test Scenario" time="34.65092">
<system-out><![CDATA[Given User is already on login page.........................................passed
When I Create the Excel Workbook "TestData.xlsx" and create the test data...passed
Then I Login to the application.............................................passed
]]></system-out>
</testcase>
</testsuite>
